Virtual User Script started at: 6/27/2018 11:53:20 AM
Starting action vuser_init.
Web Turbo Replay of LoadRunner 12.55.0 for Windows 2012 R2; build 911 (Jul 24 2017 19:46:00)  	[MsgId: MMSG-26983]
Run mode: HTML  	[MsgId: MMSG-26993]
Replay user agent: Mozilla/5.0 (Windows NT 6.3; WOW64; Trident/7.0; rv:11.0) like Gecko  	[MsgId: MMSG-26988]
Run-Time Settings file: "C:\Users\Administrator\Documents\VuGen\Scripts\WebHttpHtml1\\default.cfg"  	[MsgId: MMSG-27141]
Ending action vuser_init.
Running Vuser...
Starting iteration 1.
Maximum number of concurrent connections per server: 6  	[MsgId: MMSG-26989]
Starting action Action.
Action.c(4): web_add_header("UA-CPU") started  	[MsgId: MMSG-26355]
Action.c(4): web_add_header("UA-CPU") was successful  	[MsgId: MMSG-26392]
Action.c(8): web_set_sockets_option started  	[MsgId: MMSG-26355]
Action.c(8): web_set_sockets_option was successful  	[MsgId: MMSG-26392]
Action.c(10): Notify: Transaction "google" started.
Action.c(12): web_url("www.google.com") started  	[MsgId: MMSG-26355]
Action.c(12): Redirecting "http://www.google.com/" (redirection depth is 0)  	[MsgId: MMSG-26694]
Action.c(12): To location "https://www.google.com/?gws_rd=ssl"  	[MsgId: MMSG-26693]
Action.c(12): Found resource "https://www.google.com/images/hpp/shield-security-web-96dp.png" in HTML "https://www.google.com/?gws_rd=ssl"  	[MsgId: MMSG-26659]
Action.c(12): Found resource "https://www.google.com/images/branding/googlelogo/2x/googlelogo_color_120x44dp.png" in HTML "https://www.google.com/?gws_rd=ssl"  	[MsgId: MMSG-26659]
Action.c(12): Found resource "https://www.google.com/images/branding/googlelogo/2x/googlelogo_color_272x92dp.png" in HTML "https://www.google.com/?gws_rd=ssl"  	[MsgId: MMSG-26659]
Action.c(12): web_url("www.google.com") was successful, 85509 body bytes, 2546 header bytes, 1236 chunking overhead bytes  	[MsgId: MMSG-26385]
Action.c(21): Notify: Transaction "google" ended with a "Pass" status (Duration: 2.5434 Wasted Time: 1.6887).
Ending action Action.
Ending iteration 1.
Ending Vuser...
Starting action vuser_end.
Ending action vuser_end.
Vuser Terminated.
